<?xml version="1.0" encoding="UTF-8"?>
<testsuite xmlns:xsi="http://www.w3.org/2001/XMLSchema-instance" xsi:noNamespaceSchemaLocation="https://maven.apache.org/surefire/maven-surefire-plugin/xsd/surefire-test-report-3.0.xsd" version="3.0" name="TestSuite" time="7.451" tests="9" errors="0" skipped="0" failures="0">
  <properties>
    <property name="java.specification.version" value="21"/>
    <property name="sun.cpu.isalist" value="amd64"/>
    <property name="sun.jnu.encoding" value="Cp1252"/>
    <property name="java.class.path" value="C:\Users\manirrat\eclipse-workspace\PCP-RESTPWS\target\test-classes;C:\Users\manirrat\eclipse-workspace\PCP-RESTPWS\target\classes;C:\Users\manirrat\.m2\repository\io\rest-assured\rest-assured\5.4.0\rest-assured-5.4.0.jar;C:\Users\manirrat\.m2\repository\org\apache\groovy\groovy\4.0.16\groovy-4.0.16.jar;C:\Users\manirrat\.m2\repository\org\apache\groovy\groovy-xml\4.0.16\groovy-xml-4.0.16.jar;C:\Users\manirrat\.m2\repository\org\apache\httpcomponents\httpclient\4.5.13\httpclient-4.5.13.jar;C:\Users\manirrat\.m2\repository\org\apache\httpcomponents\httpcore\4.4.13\httpcore-4.4.13.jar;C:\Users\manirrat\.m2\repository\commons-logging\commons-logging\1.2\commons-logging-1.2.jar;C:\Users\manirrat\.m2\repository\org\apache\httpcomponents\httpmime\4.5.13\httpmime-4.5.13.jar;C:\Users\manirrat\.m2\repository\org\hamcrest\hamcrest\2.2\hamcrest-2.2.jar;C:\Users\manirrat\.m2\repository\org\ccil\cowan\tagsoup\tagsoup\1.2.1\tagsoup-1.2.1.jar;C:\Users\manirrat\.m2\repository\io\rest-assured\xml-path\5.4.0\xml-path-5.4.0.jar;C:\Users\manirrat\.m2\repository\io\rest-assured\json-path\5.4.0\json-path-5.4.0.jar;C:\Users\manirrat\.m2\repository\org\apache\groovy\groovy-json\4.0.16\groovy-json-4.0.16.jar;C:\Users\manirrat\.m2\repository\io\rest-assured\rest-assured-common\5.4.0\rest-assured-common-5.4.0.jar;C:\Users\manirrat\.m2\repository\io\rest-assured\json-schema-validator\5.3.2\json-schema-validator-5.3.2.jar;C:\Users\manirrat\.m2\repository\com\github\java-json-tools\json-schema-validator\2.2.14\json-schema-validator-2.2.14.jar;C:\Users\manirrat\.m2\repository\com\github\java-json-tools\jackson-coreutils-equivalence\1.0\jackson-coreutils-equivalence-1.0.jar;C:\Users\manirrat\.m2\repository\com\github\java-json-tools\jackson-coreutils\2.0\jackson-coreutils-2.0.jar;C:\Users\manirrat\.m2\repository\com\github\java-json-tools\msg-simple\1.2\msg-simple-1.2.jar;C:\Users\manirrat\.m2\repository\com\github\java-json-tools\btf\1.3\btf-1.3.jar;C:\Users\manirrat\.m2\repository\com\github\java-json-tools\json-schema-core\1.2.14\json-schema-core-1.2.14.jar;C:\Users\manirrat\.m2\repository\com\github\java-json-tools\uri-template\0.10\uri-template-0.10.jar;C:\Users\manirrat\.m2\repository\org\mozilla\rhino\1.7.7.2\rhino-1.7.7.2.jar;C:\Users\manirrat\.m2\repository\com\sun\mail\mailapi\1.6.2\mailapi-1.6.2.jar;C:\Users\manirrat\.m2\repository\joda-time\joda-time\2.10.5\joda-time-2.10.5.jar;C:\Users\manirrat\.m2\repository\com\googlecode\libphonenumber\libphonenumber\8.11.1\libphonenumber-8.11.1.jar;C:\Users\manirrat\.m2\repository\com\google\code\findbugs\jsr305\3.0.2\jsr305-3.0.2.jar;C:\Users\manirrat\.m2\repository\net\sf\jopt-simple\jopt-simple\5.0.4\jopt-simple-5.0.4.jar;C:\Users\manirrat\.m2\repository\com\google\guava\guava\32.0.1-jre\guava-32.0.1-jre.jar;C:\Users\manirrat\.m2\repository\com\google\guava\failureaccess\1.0.1\failureaccess-1.0.1.jar;C:\Users\manirrat\.m2\repository\com\google\guava\listenablefuture\9999.0-empty-to-avoid-conflict-with-guava\listenablefuture-9999.0-empty-to-avoid-conflict-with-guava.jar;C:\Users\manirrat\.m2\repository\org\checkerframework\checker-qual\3.33.0\checker-qual-3.33.0.jar;C:\Users\manirrat\.m2\repository\com\google\errorprone\error_prone_annotations\2.18.0\error_prone_annotations-2.18.0.jar;C:\Users\manirrat\.m2\repository\com\google\j2objc\j2objc-annotations\2.8\j2objc-annotations-2.8.jar;C:\Users\manirrat\.m2\repository\org\apache\cxf\cxf-xerces-xsd-validation\2.7.18\cxf-xerces-xsd-validation-2.7.18.jar;C:\Users\manirrat\.m2\repository\org\apache\cxf\cxf-api\2.7.18\cxf-api-2.7.18.jar;C:\Users\manirrat\.m2\repository\org\codehaus\woodstox\woodstox-core-asl\4.4.1\woodstox-core-asl-4.4.1.jar;C:\Users\manirrat\.m2\repository\org\codehaus\woodstox\stax2-api\3.1.4\stax2-api-3.1.4.jar;C:\Users\manirrat\.m2\repository\org\apache\geronimo\specs\geronimo-javamail_1.4_spec\1.7.1\geronimo-javamail_1.4_spec-1.7.1.jar;C:\Users\manirrat\.m2\repository\wsdl4j\wsdl4j\1.6.3\wsdl4j-1.6.3.jar;C:\Users\manirrat\.m2\repository\org\apache\geronimo\specs\geronimo-annotation_1.0_spec\1.1.1\geronimo-annotation_1.0_spec-1.1.1.jar;C:\Users\manirrat\.m2\repository\org\apache\ws\xmlschema\xmlschema-core\2.1.0\xmlschema-core-2.1.0.jar;C:\Users\manirrat\.m2\repository\xerces\xercesImpl\2.11.0\xercesImpl-2.11.0.jar;C:\Users\manirrat\.m2\repository\xml-apis\xml-apis\1.4.01\xml-apis-1.4.01.jar;C:\Users\manirrat\.m2\repository\org\testng\testng\7.9.0\testng-7.9.0.jar;C:\Users\manirrat\.m2\repository\org\slf4j\slf4j-api\1.7.36\slf4j-api-1.7.36.jar;C:\Users\manirrat\.m2\repository\com\beust\jcommander\1.82\jcommander-1.82.jar;C:\Users\manirrat\.m2\repository\org\webjars\jquery\3.7.1\jquery-3.7.1.jar;C:\Users\manirrat\.m2\repository\com\github\scribejava\scribejava-apis\8.3.1\scribejava-apis-8.3.1.jar;C:\Users\manirrat\.m2\repository\com\github\scribejava\scribejava-core\8.3.1\scribejava-core-8.3.1.jar;C:\Users\manirrat\.m2\repository\com\github\scribejava\scribejava-java8\8.3.1\scribejava-java8-8.3.1.jar;C:\Users\manirrat\.m2\repository\com\fasterxml\jackson\core\jackson-databind\2.12.3\jackson-databind-2.12.3.jar;C:\Users\manirrat\.m2\repository\com\fasterxml\jackson\core\jackson-annotations\2.12.3\jackson-annotations-2.12.3.jar;C:\Users\manirrat\.m2\repository\com\fasterxml\jackson\core\jackson-core\2.12.3\jackson-core-2.12.3.jar;C:\Users\manirrat\.m2\repository\org\json\json\20231013\json-20231013.jar;C:\Users\manirrat\.m2\repository\com\google\code\gson\gson\2.10.1\gson-2.10.1.jar;C:\Users\manirrat\.m2\repository\com\github\javafaker\javafaker\1.0.2\javafaker-1.0.2.jar;C:\Users\manirrat\.m2\repository\org\apache\commons\commons-lang3\3.5\commons-lang3-3.5.jar;C:\Users\manirrat\.m2\repository\org\yaml\snakeyaml\1.23\snakeyaml-1.23-android.jar;C:\Users\manirrat\.m2\repository\com\github\mifmif\generex\1.0.2\generex-1.0.2.jar;C:\Users\manirrat\.m2\repository\dk\brics\automaton\automaton\1.11-8\automaton-1.11-8.jar;C:\Users\manirrat\.m2\repository\org\apache\poi\poi\5.2.5\poi-5.2.5.jar;C:\Users\manirrat\.m2\repository\commons-codec\commons-codec\1.16.0\commons-codec-1.16.0.jar;C:\Users\manirrat\.m2\repository\org\apache\commons\commons-collections4\4.4\commons-collections4-4.4.jar;C:\Users\manirrat\.m2\repository\org\apache\commons\commons-math3\3.6.1\commons-math3-3.6.1.jar;C:\Users\manirrat\.m2\repository\commons-io\commons-io\2.15.0\commons-io-2.15.0.jar;C:\Users\manirrat\.m2\repository\com\zaxxer\SparseBitSet\1.3\SparseBitSet-1.3.jar;C:\Users\manirrat\.m2\repository\org\apache\poi\poi-ooxml\5.2.5\poi-ooxml-5.2.5.jar;C:\Users\manirrat\.m2\repository\org\apache\poi\poi-ooxml-lite\5.2.5\poi-ooxml-lite-5.2.5.jar;C:\Users\manirrat\.m2\repository\org\apache\xmlbeans\xmlbeans\5.2.0\xmlbeans-5.2.0.jar;C:\Users\manirrat\.m2\repository\org\apache\commons\commons-compress\1.25.0\commons-compress-1.25.0.jar;C:\Users\manirrat\.m2\repository\com\github\virtuald\curvesapi\1.08\curvesapi-1.08.jar;C:\Users\manirrat\.m2\repository\com\aventstack\extentreports\5.1.1\extentreports-5.1.1.jar;C:\Users\manirrat\.m2\repository\io\reactivex\rxjava3\rxjava\3.1.6\rxjava-3.1.6.jar;C:\Users\manirrat\.m2\repository\org\reactivestreams\reactive-streams\1.0.4\reactive-streams-1.0.4.jar;C:\Users\manirrat\.m2\repository\org\freemarker\freemarker\2.3.32\freemarker-2.3.32.jar;C:\Users\manirrat\.m2\repository\org\projectlombok\lombok\1.18.26\lombok-1.18.26.jar;C:\Users\manirrat\.m2\repository\org\apache\logging\log4j\log4j-api\2.23.0\log4j-api-2.23.0.jar;C:\Users\manirrat\.m2\repository\org\apache\logging\log4j\log4j-core\2.23.0\log4j-core-2.23.0.jar;"/>
    <property name="java.vm.vendor" value="Oracle Corporation"/>
    <property name="sun.arch.data.model" value="64"/>
    <property name="user.variant" value=""/>
    <property name="java.vendor.url" value="https://java.oracle.com/"/>
    <property name="user.timezone" value="Asia/Calcutta"/>
    <property name="os.name" value="Windows 11"/>
    <property name="java.vm.specification.version" value="21"/>
    <property name="sun.java.launcher" value="SUN_STANDARD"/>
    <property name="user.country" value="IN"/>
    <property name="sun.boot.library.path" value="C:\Program Files\Java\jdk-21\bin"/>
    <property name="sun.java.command" value="C:\Users\manirrat\AppData\Local\Temp\surefire15126180072606721975\surefirebooter-20240227165103202_3.jar C:\Users\manirrat\AppData\Local\Temp\surefire15126180072606721975 2024-02-27T16-51-03_037-jvmRun1 surefire-20240227165103202_1tmp surefire_0-20240227165103202_2tmp"/>
    <property name="jdk.debug" value="release"/>
    <property name="surefire.test.class.path" value="C:\Users\manirrat\eclipse-workspace\PCP-RESTPWS\target\test-classes;C:\Users\manirrat\eclipse-workspace\PCP-RESTPWS\target\classes;C:\Users\manirrat\.m2\repository\io\rest-assured\rest-assured\5.4.0\rest-assured-5.4.0.jar;C:\Users\manirrat\.m2\repository\org\apache\groovy\groovy\4.0.16\groovy-4.0.16.jar;C:\Users\manirrat\.m2\repository\org\apache\groovy\groovy-xml\4.0.16\groovy-xml-4.0.16.jar;C:\Users\manirrat\.m2\repository\org\apache\httpcomponents\httpclient\4.5.13\httpclient-4.5.13.jar;C:\Users\manirrat\.m2\repository\org\apache\httpcomponents\httpcore\4.4.13\httpcore-4.4.13.jar;C:\Users\manirrat\.m2\repository\commons-logging\commons-logging\1.2\commons-logging-1.2.jar;C:\Users\manirrat\.m2\repository\org\apache\httpcomponents\httpmime\4.5.13\httpmime-4.5.13.jar;C:\Users\manirrat\.m2\repository\org\hamcrest\hamcrest\2.2\hamcrest-2.2.jar;C:\Users\manirrat\.m2\repository\org\ccil\cowan\tagsoup\tagsoup\1.2.1\tagsoup-1.2.1.jar;C:\Users\manirrat\.m2\repository\io\rest-assured\xml-path\5.4.0\xml-path-5.4.0.jar;C:\Users\manirrat\.m2\repository\io\rest-assured\json-path\5.4.0\json-path-5.4.0.jar;C:\Users\manirrat\.m2\repository\org\apache\groovy\groovy-json\4.0.16\groovy-json-4.0.16.jar;C:\Users\manirrat\.m2\repository\io\rest-assured\rest-assured-common\5.4.0\rest-assured-common-5.4.0.jar;C:\Users\manirrat\.m2\repository\io\rest-assured\json-schema-validator\5.3.2\json-schema-validator-5.3.2.jar;C:\Users\manirrat\.m2\repository\com\github\java-json-tools\json-schema-validator\2.2.14\json-schema-validator-2.2.14.jar;C:\Users\manirrat\.m2\repository\com\github\java-json-tools\jackson-coreutils-equivalence\1.0\jackson-coreutils-equivalence-1.0.jar;C:\Users\manirrat\.m2\repository\com\github\java-json-tools\jackson-coreutils\2.0\jackson-coreutils-2.0.jar;C:\Users\manirrat\.m2\repository\com\github\java-json-tools\msg-simple\1.2\msg-simple-1.2.jar;C:\Users\manirrat\.m2\repository\com\github\java-json-tools\btf\1.3\btf-1.3.jar;C:\Users\manirrat\.m2\repository\com\github\java-json-tools\json-schema-core\1.2.14\json-schema-core-1.2.14.jar;C:\Users\manirrat\.m2\repository\com\github\java-json-tools\uri-template\0.10\uri-template-0.10.jar;C:\Users\manirrat\.m2\repository\org\mozilla\rhino\1.7.7.2\rhino-1.7.7.2.jar;C:\Users\manirrat\.m2\repository\com\sun\mail\mailapi\1.6.2\mailapi-1.6.2.jar;C:\Users\manirrat\.m2\repository\joda-time\joda-time\2.10.5\joda-time-2.10.5.jar;C:\Users\manirrat\.m2\repository\com\googlecode\libphonenumber\libphonenumber\8.11.1\libphonenumber-8.11.1.jar;C:\Users\manirrat\.m2\repository\com\google\code\findbugs\jsr305\3.0.2\jsr305-3.0.2.jar;C:\Users\manirrat\.m2\repository\net\sf\jopt-simple\jopt-simple\5.0.4\jopt-simple-5.0.4.jar;C:\Users\manirrat\.m2\repository\com\google\guava\guava\32.0.1-jre\guava-32.0.1-jre.jar;C:\Users\manirrat\.m2\repository\com\google\guava\failureaccess\1.0.1\failureaccess-1.0.1.jar;C:\Users\manirrat\.m2\repository\com\google\guava\listenablefuture\9999.0-empty-to-avoid-conflict-with-guava\listenablefuture-9999.0-empty-to-avoid-conflict-with-guava.jar;C:\Users\manirrat\.m2\repository\org\checkerframework\checker-qual\3.33.0\checker-qual-3.33.0.jar;C:\Users\manirrat\.m2\repository\com\google\errorprone\error_prone_annotations\2.18.0\error_prone_annotations-2.18.0.jar;C:\Users\manirrat\.m2\repository\com\google\j2objc\j2objc-annotations\2.8\j2objc-annotations-2.8.jar;C:\Users\manirrat\.m2\repository\org\apache\cxf\cxf-xerces-xsd-validation\2.7.18\cxf-xerces-xsd-validation-2.7.18.jar;C:\Users\manirrat\.m2\repository\org\apache\cxf\cxf-api\2.7.18\cxf-api-2.7.18.jar;C:\Users\manirrat\.m2\repository\org\codehaus\woodstox\woodstox-core-asl\4.4.1\woodstox-core-asl-4.4.1.jar;C:\Users\manirrat\.m2\repository\org\codehaus\woodstox\stax2-api\3.1.4\stax2-api-3.1.4.jar;C:\Users\manirrat\.m2\repository\org\apache\geronimo\specs\geronimo-javamail_1.4_spec\1.7.1\geronimo-javamail_1.4_spec-1.7.1.jar;C:\Users\manirrat\.m2\repository\wsdl4j\wsdl4j\1.6.3\wsdl4j-1.6.3.jar;C:\Users\manirrat\.m2\repository\org\apache\geronimo\specs\geronimo-annotation_1.0_spec\1.1.1\geronimo-annotation_1.0_spec-1.1.1.jar;C:\Users\manirrat\.m2\repository\org\apache\ws\xmlschema\xmlschema-core\2.1.0\xmlschema-core-2.1.0.jar;C:\Users\manirrat\.m2\repository\xerces\xercesImpl\2.11.0\xercesImpl-2.11.0.jar;C:\Users\manirrat\.m2\repository\xml-apis\xml-apis\1.4.01\xml-apis-1.4.01.jar;C:\Users\manirrat\.m2\repository\org\testng\testng\7.9.0\testng-7.9.0.jar;C:\Users\manirrat\.m2\repository\org\slf4j\slf4j-api\1.7.36\slf4j-api-1.7.36.jar;C:\Users\manirrat\.m2\repository\com\beust\jcommander\1.82\jcommander-1.82.jar;C:\Users\manirrat\.m2\repository\org\webjars\jquery\3.7.1\jquery-3.7.1.jar;C:\Users\manirrat\.m2\repository\com\github\scribejava\scribejava-apis\8.3.1\scribejava-apis-8.3.1.jar;C:\Users\manirrat\.m2\repository\com\github\scribejava\scribejava-core\8.3.1\scribejava-core-8.3.1.jar;C:\Users\manirrat\.m2\repository\com\github\scribejava\scribejava-java8\8.3.1\scribejava-java8-8.3.1.jar;C:\Users\manirrat\.m2\repository\com\fasterxml\jackson\core\jackson-databind\2.12.3\jackson-databind-2.12.3.jar;C:\Users\manirrat\.m2\repository\com\fasterxml\jackson\core\jackson-annotations\2.12.3\jackson-annotations-2.12.3.jar;C:\Users\manirrat\.m2\repository\com\fasterxml\jackson\core\jackson-core\2.12.3\jackson-core-2.12.3.jar;C:\Users\manirrat\.m2\repository\org\json\json\20231013\json-20231013.jar;C:\Users\manirrat\.m2\repository\com\google\code\gson\gson\2.10.1\gson-2.10.1.jar;C:\Users\manirrat\.m2\repository\com\github\javafaker\javafaker\1.0.2\javafaker-1.0.2.jar;C:\Users\manirrat\.m2\repository\org\apache\commons\commons-lang3\3.5\commons-lang3-3.5.jar;C:\Users\manirrat\.m2\repository\org\yaml\snakeyaml\1.23\snakeyaml-1.23-android.jar;C:\Users\manirrat\.m2\repository\com\github\mifmif\generex\1.0.2\generex-1.0.2.jar;C:\Users\manirrat\.m2\repository\dk\brics\automaton\automaton\1.11-8\automaton-1.11-8.jar;C:\Users\manirrat\.m2\repository\org\apache\poi\poi\5.2.5\poi-5.2.5.jar;C:\Users\manirrat\.m2\repository\commons-codec\commons-codec\1.16.0\commons-codec-1.16.0.jar;C:\Users\manirrat\.m2\repository\org\apache\commons\commons-collections4\4.4\commons-collections4-4.4.jar;C:\Users\manirrat\.m2\repository\org\apache\commons\commons-math3\3.6.1\commons-math3-3.6.1.jar;C:\Users\manirrat\.m2\repository\commons-io\commons-io\2.15.0\commons-io-2.15.0.jar;C:\Users\manirrat\.m2\repository\com\zaxxer\SparseBitSet\1.3\SparseBitSet-1.3.jar;C:\Users\manirrat\.m2\repository\org\apache\poi\poi-ooxml\5.2.5\poi-ooxml-5.2.5.jar;C:\Users\manirrat\.m2\repository\org\apache\poi\poi-ooxml-lite\5.2.5\poi-ooxml-lite-5.2.5.jar;C:\Users\manirrat\.m2\repository\org\apache\xmlbeans\xmlbeans\5.2.0\xmlbeans-5.2.0.jar;C:\Users\manirrat\.m2\repository\org\apache\commons\commons-compress\1.25.0\commons-compress-1.25.0.jar;C:\Users\manirrat\.m2\repository\com\github\virtuald\curvesapi\1.08\curvesapi-1.08.jar;C:\Users\manirrat\.m2\repository\com\aventstack\extentreports\5.1.1\extentreports-5.1.1.jar;C:\Users\manirrat\.m2\repository\io\reactivex\rxjava3\rxjava\3.1.6\rxjava-3.1.6.jar;C:\Users\manirrat\.m2\repository\org\reactivestreams\reactive-streams\1.0.4\reactive-streams-1.0.4.jar;C:\Users\manirrat\.m2\repository\org\freemarker\freemarker\2.3.32\freemarker-2.3.32.jar;C:\Users\manirrat\.m2\repository\org\projectlombok\lombok\1.18.26\lombok-1.18.26.jar;C:\Users\manirrat\.m2\repository\org\apache\logging\log4j\log4j-api\2.23.0\log4j-api-2.23.0.jar;C:\Users\manirrat\.m2\repository\org\apache\logging\log4j\log4j-core\2.23.0\log4j-core-2.23.0.jar;"/>
    <property name="sun.cpu.endian" value="little"/>
    <property name="user.home" value="C:\Users\manirrat"/>
    <property name="user.language" value="en"/>
    <property name="java.specification.vendor" value="Oracle Corporation"/>
    <property name="java.version.date" value="2024-01-16"/>
    <property name="java.home" value="C:\Program Files\Java\jdk-21"/>
    <property name="file.separator" value="\"/>
    <property name="basedir" value="C:\Users\manirrat\eclipse-workspace\PCP-RESTPWS"/>
    <property name="style.color" value="always"/>
    <property name="java.vm.compressedOopsMode" value="Zero based"/>
    <property name="line.separator" value="&#10;"/>
    <property name="java.vm.specification.vendor" value="Oracle Corporation"/>
    <property name="java.specification.name" value="Java Platform API Specification"/>
    <property name="surefire.real.class.path" value="C:\Users\manirrat\AppData\Local\Temp\surefire15126180072606721975\surefirebooter-20240227165103202_3.jar"/>
    <property name="user.script" value=""/>
    <property name="sun.management.compiler" value="HotSpot 64-Bit Tiered Compilers"/>
    <property name="java.runtime.version" value="21.0.2+13-LTS-58"/>
    <property name="user.name" value="manirrat"/>
    <property name="stdout.encoding" value="Cp1252"/>
    <property name="path.separator" value=";"/>
    <property name="os.version" value="10.0"/>
    <property name="java.runtime.name" value="Java(TM) SE Runtime Environment"/>
    <property name="file.encoding" value="UTF-8"/>
    <property name="java.vm.name" value="Java HotSpot(TM) 64-Bit Server VM"/>
    <property name="localRepository" value="C:\Users\manirrat\.m2\repository"/>
    <property name="java.vendor.url.bug" value="https://bugreport.java.com/bugreport/"/>
    <property name="java.io.tmpdir" value="C:\Users\manirrat\AppData\Local\Temp\"/>
    <property name="java.version" value="21.0.2"/>
    <property name="user.dir" value="C:\Users\manirrat\eclipse-workspace\PCP-RESTPWS"/>
    <property name="os.arch" value="amd64"/>
    <property name="java.vm.specification.name" value="Java Virtual Machine Specification"/>
    <property name="sun.os.patch.level" value=""/>
    <property name="native.encoding" value="Cp1252"/>
    <property name="java.library.path" value="C:\Program Files\Java\jdk-21\bin;C:\WINDOWS\Sun\Java\bin;C:\WINDOWS\system32;C:\WINDOWS;C:\Program Files\Common Files\Oracle\Java\javapath;C:\WINDOWS\system32;C:\WINDOWS;C:\WINDOWS\System32\Wbem;C:\WINDOWS\System32\WindowsPowerShell\v1.0\;C:\WINDOWS\System32\OpenSSH\;C:\Program Files\Java\jdk-21\bin;C:\Users\manirrat\AppData\Local\Microsoft\WindowsApps;;C:\Program Files\JetBrains\IntelliJ IDEA 2023.3.2\bin;;C:\Program Files\JetBrains\IntelliJ IDEA Community Edition 2023.3.3\bin;;."/>
    <property name="java.vm.info" value="mixed mode, sharing"/>
    <property name="stderr.encoding" value="Cp1252"/>
    <property name="java.vendor" value="Oracle Corporation"/>
    <property name="java.vm.version" value="21.0.2+13-LTS-58"/>
    <property name="sun.io.unicode.encoding" value="UnicodeLittle"/>
    <property name="java.class.version" value="65.0"/>
  </properties>
  <testcase name="testAddRdu" classname="api.test.RestPWSTest" time="2.636">
    <system-out><![CDATA[16:51:06.159 [main] INFO  api.test.RestPWSTest - ******Adding RDU***********
HTTP/1.1 201 
Strict-Transport-Security: max-age=0
X-Frame-Options: DENY
X-Content-Type-Options: nosniff
Location: /cp-ws-rest-prov/RDU
success: RDU Details added succcessfully : pcp-lnx-92
Content-Type: application/json;charset=UTF-8
Transfer-Encoding: chunked
Date: Mon, 26 Feb 2024 21:55:58 GMT
Keep-Alive: timeout=60
Connection: keep-alive

{
    "username": "admin",
    "password": "admin123",
    "rduHost": "pcp-lnx-92",
    "rduPort": 49188
}
16:51:08.779 [main] INFO  api.test.RestPWSTest - ******RDU Added ***********
]]></system-out>
    <system-err><![CDATA[SLF4J: Failed to load class "org.slf4j.impl.StaticLoggerBinder".
SLF4J: Defaulting to no-operation (NOP) logger implementation
SLF4J: See http://www.slf4j.org/codes.html#StaticLoggerBinder for further details.
]]></system-err>
  </testcase>
  <testcase name="testGetRdu" classname="api.test.RestPWSTest" time="0.16">
    <system-out><![CDATA[16:51:08.791 [main] INFO  api.test.RestPWSTest - ******Get RDU***********
HTTP/1.1 200 
Strict-Transport-Security: max-age=0
X-Frame-Options: DENY
X-Content-Type-Options: nosniff
Content-Type: application/json;charset=UTF-8
Transfer-Encoding: chunked
Date: Mon, 26 Feb 2024 21:55:58 GMT
Keep-Alive: timeout=60
Connection: keep-alive

[
    {
        "username": "admin",
        "password": "admin123",
        "rduHost": "pcp-lnx-92",
        "rduPort": 49188
    },
    {
        "username": "admin",
        "password": "admin123",
        "rduHost": "pcp-lnx-124.cisco.com",
        "rduPort": 49188
    }
]
]]></system-out>
  </testcase>
  <testcase name="testUpdateRdu" classname="api.test.RestPWSTest" time="0.353">
    <system-out><![CDATA[16:51:08.955 [main] INFO  api.test.RestPWSTest - ******Update RDU***********
HTTP/1.1 204 
Strict-Transport-Security: max-age=0
X-Frame-Options: DENY
X-Content-Type-Options: nosniff
Date: Mon, 26 Feb 2024 21:55:58 GMT
Keep-Alive: timeout=60
Connection: keep-alive
HTTP/1.1 200 
Strict-Transport-Security: max-age=0
X-Frame-Options: DENY
X-Content-Type-Options: nosniff
Content-Type: application/json;charset=UTF-8
Transfer-Encoding: chunked
Date: Mon, 26 Feb 2024 21:55:58 GMT
Keep-Alive: timeout=60
Connection: keep-alive

[
    {
        "username": "admin1",
        "password": "admin123",
        "rduHost": "pcp-lnx-92",
        "rduPort": 49188
    },
    {
        "username": "admin",
        "password": "admin123",
        "rduHost": "pcp-lnx-124.cisco.com",
        "rduPort": 49188
    }
]
16:51:09.308 [main] INFO  api.test.RestPWSTest - ******Updated RDU Details***********
]]></system-out>
  </testcase>
  <testcase name="testDeleteRdu" classname="api.test.RestPWSTest" time="0.124">
    <system-out><![CDATA[16:51:09.313 [main] INFO  api.test.RestPWSTest - ******Delete RDU***********
HTTP/1.1 204 
Strict-Transport-Security: max-age=0
X-Frame-Options: DENY
X-Content-Type-Options: nosniff
Date: Mon, 26 Feb 2024 21:55:58 GMT
Keep-Alive: timeout=60
Connection: keep-alive
16:51:09.437 [main] INFO  api.test.RestPWSTest - ******Deleted RDU***********
]]></system-out>
  </testcase>
  <testcase name="testCreateSession" classname="api.test.COSTest" time="0.84">
    <system-out><![CDATA[16:51:09.446 [main] INFO  api.test.COSTest - ************* Creating Session **********
HTTP/1.1 200 
Strict-Transport-Security: max-age=0
X-Frame-Options: DENY
X-Content-Type-Options: nosniff
Content-Type: application/json;charset=UTF-8
Transfer-Encoding: chunked
Date: Mon, 26 Feb 2024 21:55:58 GMT
Keep-Alive: timeout=60
Connection: keep-alive

{
    "sessionId": "110DC1BD2552B7F1AD810C2BA2B801D2A17FF37A"
}
16:51:10.285 [main] INFO  api.test.COSTest - *************  Session Created **********
]]></system-out>
  </testcase>
  <testcase name="testAddCOS" classname="api.test.COSTest" time="0.149">
    <system-out><![CDATA[HTTP/1.1 200 
Strict-Transport-Security: max-age=0
X-Frame-Options: DENY
X-Content-Type-Options: nosniff
Content-Type: application/json;charset=UTF-8
Transfer-Encoding: chunked
Date: Mon, 26 Feb 2024 21:55:59 GMT
Keep-Alive: timeout=60
Connection: keep-alive

{
    "operationId": "61b81a80-4256-4923-8491-5f6a68c5aef3",
    "code": "SUCCESS",
    "message": "Operation successful",
    "subStatus": {
        "statusList": [
            {
                "txId": "Batch:pcp-lnx-125.cisco.com/10.78.109.33:64e25776:18dcc3d7169:8000008c",
                "cmdCodes": [
                    {
                        "index": 0,
                        "code": "CMD_OK",
                        "message": null
                    }
                ],
                "code": "CMD_OK",
                "batchCode": "BATCH_COMPLETED",
                "message": null
            }
        ]
    }
}
16:51:10.436 [main] INFO  api.test.COSTest - ************* COS ADDED SUCCESSFULLY  **********
]]></system-out>
  </testcase>
  <testcase name="testGetCOS" classname="api.test.COSTest" time="0.146">
    <system-out><![CDATA[16:51:10.440 [main] INFO  api.test.COSTest - ************* GET COS Details  **********
HTTP/1.1 200 
Strict-Transport-Security: max-age=0
X-Frame-Options: DENY
X-Content-Type-Options: nosniff
Content-Type: application/json;charset=UTF-8
Transfer-Encoding: chunked
Date: Mon, 26 Feb 2024 21:55:59 GMT
Keep-Alive: timeout=60
Connection: keep-alive

{
    "classOfService": {
        "name": "testCOS8",
        "deviceType": "DOCSISModem",
        "properties": {
            "/cos/deviceType": "DOCSISModem",
            "/cos/assignedDomain": "RootDomain",
            "/fqdn/domain": "cisco.com",
            "/fqdn/auto/enable": "true",
            "/cos/docsis/file": "gold.cm",
            "/generic/oidRevisionNumber": "1873497449281093756-1708984561001"
        }
    },
    "operationStatus": {
        "operationId": "4bbd137d-a93a-424c-bedd-ce87311ba63f",
        "code": "SUCCESS",
        "message": "Operation successful",
        "subStatus": {
            "statusList": [
                {
                    "txId": "Batch:pcp-lnx-125.cisco.com/10.78.109.33:64e25776:18dcc3d7169:8000008e",
                    "cmdCodes": [
                        {
                            "index": 0,
                            "code": "CMD_OK",
                            "message": null
                        }
                    ],
                    "code": "CMD_OK",
                    "batchCode": "BATCH_COMPLETED",
                    "message": null
                }
            ]
        }
    }
}
]]></system-out>
  </testcase>
  <testcase name="testUpdateCOS" classname="api.test.COSTest" time="0.26">
    <system-out><![CDATA[HTTP/1.1 200 
Strict-Transport-Security: max-age=0
X-Frame-Options: DENY
X-Content-Type-Options: nosniff
Content-Type: application/json;charset=UTF-8
Transfer-Encoding: chunked
Date: Mon, 26 Feb 2024 21:55:59 GMT
Keep-Alive: timeout=60
Connection: keep-alive

{
    "operationId": "0045cf70-2f6c-490f-8375-fd79e46b2942",
    "code": "SUCCESS",
    "message": "Operation successful",
    "subStatus": {
        "statusList": [
            {
                "txId": "Batch:pcp-lnx-125.cisco.com/10.78.109.33:64e25776:18dcc3d7169:80000090",
                "cmdCodes": [
                    {
                        "index": 0,
                        "code": "CMD_OK",
                        "message": null
                    }
                ],
                "code": "CMD_OK",
                "batchCode": "BATCH_WARNING",
                "message": null
            }
        ]
    }
}
16:51:10.742 [main] INFO  api.test.COSTest - ************* UPDATED COS Details  **********
16:51:10.742 [main] INFO  api.test.COSTest - ************* GET COS Details after successful Update **********
HTTP/1.1 200 
Strict-Transport-Security: max-age=0
X-Frame-Options: DENY
X-Content-Type-Options: nosniff
Content-Type: application/json;charset=UTF-8
Transfer-Encoding: chunked
Date: Mon, 26 Feb 2024 21:55:59 GMT
Keep-Alive: timeout=60
Connection: keep-alive

{
    "classOfService": {
        "name": "testCOS8",
        "deviceType": "DOCSISModem",
        "properties": {
            "/cos/deviceType": "DOCSISModem",
            "/cos/assignedDomain": "RootDomain",
            "/fqdn/domain": "mani.com",
            "/fqdn/auto/enable": "true",
            "/cos/docsis/file": "gold.cm",
            "/generic/oidRevisionNumber": "1873497449281093756-1708984561002"
        }
    },
    "operationStatus": {
        "operationId": "079eef40-10e2-46bd-a3f6-cc63b86125cd",
        "code": "SUCCESS",
        "message": "Operation successful",
        "subStatus": {
            "statusList": [
                {
                    "txId": "Batch:pcp-lnx-125.cisco.com/10.78.109.33:64e25776:18dcc3d7169:80000092",
                    "cmdCodes": [
                        {
                            "index": 0,
                            "code": "CMD_OK",
                            "message": null
                        }
                    ],
                    "code": "CMD_OK",
                    "batchCode": "BATCH_COMPLETED",
                    "message": null
                }
            ]
        }
    }
}
]]></system-out>
  </testcase>
  <testcase name="testDeleteCOS" classname="api.test.COSTest" time="0.308">
    <system-out><![CDATA[HTTP/1.1 200 
Strict-Transport-Security: max-age=0
X-Frame-Options: DENY
X-Content-Type-Options: nosniff
Content-Type: application/json;charset=UTF-8
Transfer-Encoding: chunked
Date: Mon, 26 Feb 2024 21:55:59 GMT
Keep-Alive: timeout=60
Connection: keep-alive

{
    "operationId": "abc4fd1c-f8ec-47ac-a73d-c1ab96f6780c",
    "code": "SUCCESS",
    "message": "Operation successful",
    "subStatus": {
        "statusList": [
            {
                "txId": "Batch:pcp-lnx-125.cisco.com/10.78.109.33:64e25776:18dcc3d7169:80000094",
                "cmdCodes": [
                    {
                        "index": 0,
                        "code": "CMD_OK",
                        "message": null
                    }
                ],
                "code": "CMD_OK",
                "batchCode": "BATCH_COMPLETED",
                "message": null
            }
        ]
    }
}
16:51:11.039 [main] INFO  api.test.COSTest - ************* COS DELETED SUCCESSFULLY  **********
HTTP/1.1 404 
Strict-Transport-Security: max-age=0
X-Frame-Options: DENY
X-Content-Type-Options: nosniff
Content-Type: application/json;charset=UTF-8
Transfer-Encoding: chunked
Date: Mon, 26 Feb 2024 21:55:59 GMT
Keep-Alive: timeout=60
Connection: keep-alive

{
    "status": "Prov Service Exception",
    "errorMessage": "Class of Service [testCOS8] is not in database.",
    "operationStatus": {
        "operationId": "102b83cc-5002-4679-b0b3-196764d63cb8",
        "code": "FAILURE",
        "message": "Class of Service [testCOS8] is not in database.",
        "subStatus": {
            "statusList": [
                {
                    "txId": "Batch:pcp-lnx-125.cisco.com/10.78.109.33:64e25776:18dcc3d7169:80000096",
                    "cmdCodes": [
                        {
                            "index": 0,
                            "code": "CMD_ERROR_CLASS_OF_SERVICE_UNKNOWN",
                            "message": "Class of Service [testCOS8] is not in database."
                        }
                    ],
                    "code": "CMD_ERROR_CLASS_OF_SERVICE_UNKNOWN",
                    "batchCode": "BATCH_FAILED_QUERY",
                    "message": "Error occurred during query. See the failed CommandStatus for details."
                }
            ]
        }
    }
}
16:51:11.199 [main] INFO  api.test.COSTest - ************* THE DELETED COS IS NOT IN DB  **********
]]></system-out>
  </testcase>
</testsuite>