<?xml version="1.0" encoding="UTF-8"?>
<!-- Generated by org.testng.reporters.JUnitReportReporter -->
<testsuite hostname="CSCO-W-PF2PQH8B" failures="0" tests="4" name="api.test.RestPWSTest" time="3.903" errors="0" timestamp="2024-02-22T10:29:23 IST" skipped="0">
  <testcase classname="api.test.RestPWSTest" name="testAddRdu" time="3.073"/>
  <testcase classname="api.test.RestPWSTest" name="testGetRdu" time="0.214"/>
  <testcase classname="api.test.RestPWSTest" name="testUpdateRdu" time="0.455"/>
  <testcase classname="api.test.RestPWSTest" name="testDeleteRdu" time="0.161"/>
</testsuite> <!-- api.test.RestPWSTest -->
