<?xml version="1.0" encoding="UTF-8"?>
<!-- Generated by org.testng.reporters.JUnitReportReporter -->
<testsuite hostname="CSCO-W-PF2PQH8B" failures="0" tests="4" name="api.test.RestPWSTest" time="3.663" errors="0" timestamp="2024-03-07T19:27:59 IST" skipped="0">
  <testcase classname="api.test.RestPWSTest" name="testAddRdu" time="2.699"/>
  <testcase classname="api.test.RestPWSTest" name="testGetRdu" time="0.316"/>
  <testcase classname="api.test.RestPWSTest" name="testUpdateRdu" time="0.466"/>
  <testcase classname="api.test.RestPWSTest" name="testDeleteRdu" time="0.182"/>
</testsuite> <!-- api.test.RestPWSTest -->
