<?xml version="1.0" encoding="UTF-8"?>
<!-- Generated by org.testng.reporters.JUnitReportReporter -->
<testsuite hostname="CSCO-W-PF2PQH8B" failures="0" tests="5" name="api.test.COSTest" time="2.446" errors="0" timestamp="2024-03-07T19:27:59 IST" skipped="0">
  <testcase classname="api.test.COSTest" name="testCreateSession" time="0.746"/>
  <testcase classname="api.test.COSTest" name="testAddCOS" time="0.345"/>
  <testcase classname="api.test.COSTest" name="testGetCOS" time="0.202"/>
  <testcase classname="api.test.COSTest" name="testUpdateCOS" time="0.554"/>
  <testcase classname="api.test.COSTest" name="testDeleteCOS" time="0.599"/>
</testsuite> <!-- api.test.COSTest -->
