<?xml version="1.0" encoding="UTF-8"?>
<!-- Generated by org.testng.reporters.JUnitReportReporter -->
<testsuite hostname="CSCO-W-PF2PQH8B" failures="0" tests="6" name="api.test.SearchTest" time="1.469" errors="0" timestamp="2024-03-07T19:27:59 IST" skipped="0">
  <testcase classname="api.test.SearchTest" name="testCreateSession" time="0.231"/>
  <testcase classname="api.test.SearchTest" name="testCOSSearch" time="0.174"/>
  <testcase classname="api.test.SearchTest" name="testDhcpSearch" time="0.321"/>
  <testcase classname="api.test.SearchTest" name="testFileSearch" time="0.130"/>
  <testcase classname="api.test.SearchTest" name="testGroupSearch" time="0.459"/>
  <testcase classname="api.test.SearchTest" name="testSearchDevices" time="0.154"/>
</testsuite> <!-- api.test.SearchTest -->
