<?xml version="1.0" encoding="UTF-8"?>
<!-- Generated by org.testng.reporters.JUnitReportReporter -->
<testsuite hostname="CSCO-W-PF2PQH8B" failures="0" tests="4" name="api.test.DDTest" time="2.869" errors="0" timestamp="2024-02-21T15:38:25 IST" skipped="0">
  <testcase classname="api.test.DDTest" name="DeleteAllRdu" time="2.110"/>
  <testcase classname="api.test.DDTest" name="DeleteAllRdu" time="0.260"/>
  <testcase classname="api.test.DDTest" name="DeleteAllRdu" time="0.280"/>
  <testcase classname="api.test.DDTest" name="DeleteAllRdu" time="0.219"/>
</testsuite> <!-- api.test.DDTest -->
