<?xml version="1.0" encoding="UTF-8"?>
<!-- Generated by org.testng.reporters.JUnitReportReporter -->
<testsuite hostname="CSCO-W-PF2PQH8B" failures="0" tests="6" name="api.test.SearchTest" time="1.280" errors="0" timestamp="2024-03-07T19:31:32 IST" skipped="0">
  <testcase classname="api.test.SearchTest" name="testCreateSession" time="0.144"/>
  <testcase classname="api.test.SearchTest" name="testCOSSearch" time="0.193"/>
  <testcase classname="api.test.SearchTest" name="testDhcpSearch" time="0.240"/>
  <testcase classname="api.test.SearchTest" name="testFileSearch" time="0.259"/>
  <testcase classname="api.test.SearchTest" name="testGroupSearch" time="0.240"/>
  <testcase classname="api.test.SearchTest" name="testSearchDevices" time="0.204"/>
</testsuite> <!-- api.test.SearchTest -->
