<?xml version="1.0" encoding="UTF-8"?>
<!-- Generated by org.testng.reporters.JUnitReportReporter -->
<testsuite hostname="CSCO-W-PF2PQH8B" failures="0" tests="4" name="api.test.RestPWSTest" time="3.268" errors="0" timestamp="2024-02-27T16:51:11 IST" skipped="0">
  <testcase classname="api.test.RestPWSTest" name="testAddRdu" time="2.627"/>
  <testcase classname="api.test.RestPWSTest" name="testGetRdu" time="0.160"/>
  <testcase classname="api.test.RestPWSTest" name="testUpdateRdu" time="0.354"/>
  <testcase classname="api.test.RestPWSTest" name="testDeleteRdu" time="0.127"/>
</testsuite> <!-- api.test.RestPWSTest -->
