<?xml version="1.0" encoding="UTF-8"?>
<!-- Generated by org.testng.reporters.JUnitReportReporter -->
<testsuite hostname="CSCO-W-PF2PQH8B" failures="0" tests="4" name="api.test.RestPWSTest" time="5.408" errors="0" timestamp="2024-02-22T16:06:22 IST" skipped="0">
  <testcase classname="api.test.RestPWSTest" name="testAddRdu" time="3.975"/>
  <testcase classname="api.test.RestPWSTest" name="testGetRdu" time="0.328"/>
  <testcase classname="api.test.RestPWSTest" name="testUpdateRdu" time="0.896"/>
  <testcase classname="api.test.RestPWSTest" name="testDeleteRdu" time="0.209"/>
</testsuite> <!-- api.test.RestPWSTest -->
