<?xml version="1.0" encoding="UTF-8"?>
<!-- Generated by org.testng.reporters.JUnitReportReporter -->
<testsuite hostname="CSCO-W-PF2PQH8B" failures="0" tests="5" name="api.test.COSTest" time="1.739" errors="0" timestamp="2024-02-27T16:51:11 IST" skipped="0">
  <testcase classname="api.test.COSTest" name="testCreateSession" time="0.840"/>
  <testcase classname="api.test.COSTest" name="testAddCOS" time="0.147"/>
  <testcase classname="api.test.COSTest" name="testGetCOS" time="0.145"/>
  <testcase classname="api.test.COSTest" name="testUpdateCOS" time="0.299"/>
  <testcase classname="api.test.COSTest" name="testDeleteCOS" time="0.308"/>
</testsuite> <!-- api.test.COSTest -->
