<?xml version="1.0" encoding="UTF-8"?>
<!-- Generated by org.testng.reporters.JUnitReportReporter -->
<testsuite hostname="CSCO-W-PF2PQH8B" failures="0" tests="5" name="api.test.COSTest" time="2.034" errors="0" timestamp="2024-03-07T19:31:32 IST" skipped="0">
  <testcase classname="api.test.COSTest" name="testCreateSession" time="0.815"/>
  <testcase classname="api.test.COSTest" name="testAddCOS" time="0.198"/>
  <testcase classname="api.test.COSTest" name="testGetCOS" time="0.204"/>
  <testcase classname="api.test.COSTest" name="testUpdateCOS" time="0.405"/>
  <testcase classname="api.test.COSTest" name="testDeleteCOS" time="0.412"/>
</testsuite> <!-- api.test.COSTest -->
